2018-11-15 14:57:09.160  INFO 8772 --- [restartedMain] com.zhefan.yummy.YummyApplication        : Starting YummyApplication on LAPTOP-5F6OV8VB with PID 8772 (started by 刘伟军 in C:\Users\刘伟军\Desktop\ZheFan\web)
2018-11-15 14:57:09.162 DEBUG 8772 --- [restartedMain] com.zhefan.yummy.YummyApplication        : Running with Spring Boot v1.5.5.RELEASE, Spring v4.3.10.RELEASE
2018-11-15 14:57:09.162  INFO 8772 --- [restartedMain] com.zhefan.yummy.YummyApplication        : No active profile set, falling back to default profiles: default
2018-11-15 14:57:09.282  INFO 8772 --- [restartedMain] ationConfigEmbeddedWebApplicationContext : Refreshing org.springframework.boot.context.embedded.AnnotationConfigEmbeddedWebApplicationContext@31d73020: startup date [Thu Nov 15 14:57:09 CST 2018]; root of context hierarchy
2018-11-15 14:57:13.315  INFO 8772 --- [restartedMain] .s.d.r.c.RepositoryConfigurationDelegate : Multiple Spring Data modules found, entering strict repository configuration mode!
2018-11-15 14:57:14.874  INFO 8772 --- [restartedMain] trationDelegate$BeanPostProcessorChecker : Bean 'org.springframework.transaction.annotation.ProxyTransactionManagementConfiguration' of type [org.springframework.transaction.annotation.ProxyTransactionManagementConfiguration$$EnhancerBySpringCGLIB$$c88c3366] is not eligible for getting processed by all BeanPostProcessors (for example: not eligible for auto-proxying)
2018-11-15 14:57:14.962  INFO 8772 --- [restartedMain] trationDelegate$BeanPostProcessorChecker : Bean 'redisCacheConfig' of type [com.zhefan.yummy.config.redis.RedisCacheConfig$$EnhancerBySpringCGLIB$$53f12ebd] is not eligible for getting processed by all BeanPostProcessors (for example: not eligible for auto-proxying)
2018-11-15 14:57:14.971  INFO 8772 --- [restartedMain] trationDelegate$BeanPostProcessorChecker : Bean 'org.springframework.cache.annotation.ProxyCachingConfiguration' of type [org.springframework.cache.annotation.ProxyCachingConfiguration$$EnhancerBySpringCGLIB$$119e6984] is not eligible for getting processed by all BeanPostProcessors (for example: not eligible for auto-proxying)
2018-11-15 14:57:15.050  INFO 8772 --- [restartedMain] trationDelegate$BeanPostProcessorChecker : Bean 'socketConfig' of type [com.zhefan.yummy.socket.SocketConfig] is not eligible for getting processed by all BeanPostProcessors (for example: not eligible for auto-proxying)
2018-11-15 14:57:15.177  INFO 8772 --- [restartedMain] trationDelegate$BeanPostProcessorChecker : Bean 'socketIOServer' of type [com.corundumstudio.socketio.SocketIOServer] is not eligible for getting processed by all BeanPostProcessors (for example: not eligible for auto-proxying)
2018-11-15 14:57:16.159  INFO 8772 --- [restartedMain] s.b.c.e.t.TomcatEmbeddedServletContainer : Tomcat initialized with port(s): 80 (http)
2018-11-15 14:57:16.183  INFO 8772 --- [restartedMain] o.apache.catalina.core.StandardService   : Starting service [Tomcat]
2018-11-15 14:57:16.189  INFO 8772 --- [restartedMain] org.apache.catalina.core.StandardEngine  : Starting Servlet Engine: Apache Tomcat/8.5.16
2018-11-15 14:57:16.496  INFO 8772 --- [localhost-startStop-1] org.apache.jasper.servlet.TldScanner     : At least one JAR was scanned for TLDs yet contained no TLDs. Enable debug logging for this logger for a complete list of JARs that were scanned but no TLDs were found in them. Skipping unneeded JARs during scanning can improve startup time and JSP compilation time.
2018-11-15 14:57:16.506  INFO 8772 --- [localhost-startStop-1] o.a.c.c.C.[Tomcat].[localhost].[/]       : Initializing Spring embedded WebApplicationContext
2018-11-15 14:57:16.507  INFO 8772 --- [localhost-startStop-1] o.s.web.context.ContextLoader            : Root WebApplicationContext: initialization completed in 7229 ms
2018-11-15 14:57:16.913 DEBUG 8772 --- [localhost-startStop-1] c.z.y.config.redis.RedisSessionConfig    : domainName:localhost,cookieName:JSESSIONID,cookiePath:/ 
2018-11-15 14:57:17.382  INFO 8772 --- [localhost-startStop-1] o.s.b.w.servlet.ServletRegistrationBean  : Mapping servlet: 'dispatcherServlet' to [/]
2018-11-15 14:57:17.393  INFO 8772 --- [localhost-startStop-1] o.s.b.w.servlet.ServletRegistrationBean  : Mapping servlet: 'statViewServlet' to [/druid/*]
2018-11-15 14:57:17.419  INFO 8772 --- [localhost-startStop-1] o.s.b.w.servlet.FilterRegistrationBean   : Mapping filter: 'characterEncodingFilter' to: [/*]
2018-11-15 14:57:17.428  INFO 8772 --- [localhost-startStop-1] o.s.b.w.servlet.FilterRegistrationBean   : Mapping filter: 'springSessionRepositoryFilter' to: [/*]
2018-11-15 14:57:17.428  INFO 8772 --- [localhost-startStop-1] o.s.b.w.servlet.FilterRegistrationBean   : Mapping filter: 'hiddenHttpMethodFilter' to: [/*]
2018-11-15 14:57:17.428  INFO 8772 --- [localhost-startStop-1] o.s.b.w.servlet.FilterRegistrationBean   : Mapping filter: 'httpPutFormContentFilter' to: [/*]
2018-11-15 14:57:17.428  INFO 8772 --- [localhost-startStop-1] o.s.b.w.servlet.FilterRegistrationBean   : Mapping filter: 'requestContextFilter' to: [/*]
2018-11-15 14:57:17.437  INFO 8772 --- [localhost-startStop-1] o.s.b.w.servlet.FilterRegistrationBean   : Mapping filter: 'webStatFilter' to urls: [/*]
2018-11-15 14:57:17.437  INFO 8772 --- [localhost-startStop-1] o.s.b.w.servlet.FilterRegistrationBean   : Mapping filter: 'corsFilter' to: [/*]
2018-11-15 14:57:18.749  INFO 8772 --- [restartedMain] com.alibaba.druid.pool.DruidDataSource   : {dataSource-1} inited
2018-11-15 14:57:20.795  INFO 8772 --- [restartedMain] c.c.s.a.SpringAnnotationScanner          : messageEventHandler bean listeners added
2018-11-15 14:57:21.859  INFO 8772 --- [restartedMain] s.w.s.m.m.a.RequestMappingHandlerMapping : Mapped "{[/area/list],methods=[POST]}" onto public com.zhefan.yummy.dto.ResponseDTO<java.util.List<com.zhefan.yummy.entity.Area>> com.zhefan.yummy.controller.AreaController.list(java.lang.Integer,java.lang.Integer)
2018-11-15 14:57:21.872  INFO 8772 --- [restartedMain] s.w.s.m.m.a.RequestMappingHandlerMapping : Mapped "{[/area/save],methods=[POST]}" onto public com.zhefan.yummy.dto.ResponseDTO com.zhefan.yummy.controller.AreaController.save(com.zhefan.yummy.param.RequestArea,javax.servlet.http.HttpServletRequest)
2018-11-15 14:57:21.879  INFO 8772 --- [restartedMain] s.w.s.m.m.a.RequestMappingHandlerMapping : Mapped "{[/area/del],methods=[POST]}" onto public com.zhefan.yummy.dto.ResponseDTO com.zhefan.yummy.controller.AreaController.del(java.util.List<java.lang.Integer>)
2018-11-15 14:57:21.882  INFO 8772 --- [restartedMain] s.w.s.m.m.a.RequestMappingHandlerMapping : Mapped "{[/common/testuploadimg],methods=[POST]}" onto public com.zhefan.yummy.dto.ResponseDTO<java.lang.String> com.zhefan.yummy.controller.CommonController.uploadImg(org.springframework.web.multipart.MultipartFile,javax.servlet.http.HttpServletRequest)
2018-11-15 14:57:21.890  INFO 8772 --- [restartedMain] s.w.s.m.m.a.RequestMappingHandlerMapping : Mapped "{[/common/qrcode],methods=[GET],produces=[application/json;charset=UTF-8]}" onto public void com.zhefan.yummy.controller.CommonController.qrcode(java.lang.String,javax.servlet.http.HttpServletResponse)
2018-11-15 14:57:21.891  INFO 8772 --- [restartedMain] s.w.s.m.m.a.RequestMappingHandlerMapping : Mapped "{[/dishesClass/list],methods=[POST]}" onto public com.zhefan.yummy.dto.ResponseDTO<java.util.List<com.zhefan.yummy.entity.DishesClass>> com.zhefan.yummy.controller.DishesClassController.list(java.lang.Integer,java.lang.Integer,java.lang.Integer)
2018-11-15 14:57:21.892  INFO 8772 --- [restartedMain] s.w.s.m.m.a.RequestMappingHandlerMapping : Mapped "{[/dishesClass/save],methods=[POST]}" onto public com.zhefan.yummy.dto.ResponseDTO com.zhefan.yummy.controller.DishesClassController.save(com.zhefan.yummy.param.RequestDishesClass,javax.servlet.http.HttpServletRequest)
2018-11-15 14:57:21.892  INFO 8772 --- [restartedMain] s.w.s.m.m.a.RequestMappingHandlerMapping : Mapped "{[/dishesClass/del],methods=[POST]}" onto public com.zhefan.yummy.dto.ResponseDTO com.zhefan.yummy.controller.DishesClassController.del(java.util.List<java.lang.Integer>)
2018-11-15 14:57:21.900  INFO 8772 --- [restartedMain] s.w.s.m.m.a.RequestMappingHandlerMapping : Mapped "{[/dishes/list],methods=[POST]}" onto public com.zhefan.yummy.dto.ResponseDTO<com.baomidou.mybatisplus.plugins.Page<com.zhefan.yummy.entity.Dishes>> com.zhefan.yummy.controller.DishesController.list(com.zhefan.yummy.param.RequestDishesList)
2018-11-15 14:57:21.900  INFO 8772 --- [restartedMain] s.w.s.m.m.a.RequestMappingHandlerMapping : Mapped "{[/dishes/save],methods=[POST]}" onto public com.zhefan.yummy.dto.ResponseDTO com.zhefan.yummy.controller.DishesController.save(com.zhefan.yummy.param.RequestDishes,javax.servlet.http.HttpServletRequest)
2018-11-15 14:57:21.902  INFO 8772 --- [restartedMain] s.w.s.m.m.a.RequestMappingHandlerMapping : Mapped "{[/dishes/notSale],methods=[POST]}" onto public com.zhefan.yummy.dto.ResponseDTO com.zhefan.yummy.controller.DishesController.notSale(java.util.List<java.lang.Integer>)
2018-11-15 14:57:21.903  INFO 8772 --- [restartedMain] s.w.s.m.m.a.RequestMappingHandlerMapping : Mapped "{[/dishes/soldOut],methods=[POST]}" onto public com.zhefan.yummy.dto.ResponseDTO com.zhefan.yummy.controller.DishesController.soldOut(java.util.List<java.lang.Integer>)
2018-11-15 14:57:21.911  INFO 8772 --- [restartedMain] s.w.s.m.m.a.RequestMappingHandlerMapping : Mapped "{[/dishes/sold],methods=[POST]}" onto public com.zhefan.yummy.dto.ResponseDTO com.zhefan.yummy.controller.DishesController.sold(java.util.List<java.lang.Integer>)
2018-11-15 14:57:21.912  INFO 8772 --- [restartedMain] s.w.s.m.m.a.RequestMappingHandlerMapping : Mapped "{[/dishes/sale],methods=[POST]}" onto public com.zhefan.yummy.dto.ResponseDTO com.zhefan.yummy.controller.DishesController.sales(java.util.List<java.lang.Integer>)
2018-11-15 14:57:21.914  INFO 8772 --- [restartedMain] s.w.s.m.m.a.RequestMappingHandlerMapping : Mapped "{[/dishes/del],methods=[POST]}" onto public com.zhefan.yummy.dto.ResponseDTO com.zhefan.yummy.controller.DishesController.del(java.util.List<java.lang.Integer>)
2018-11-15 14:57:21.921  INFO 8772 --- [restartedMain] s.w.s.m.m.a.RequestMappingHandlerMapping : Mapped "{[/gerent/save],methods=[POST]}" onto public com.zhefan.yummy.dto.ResponseDTO com.zhefan.yummy.controller.GerentController.save(com.zhefan.yummy.param.RequestGerent,javax.servlet.http.HttpServletRequest)
2018-11-15 14:57:21.921  INFO 8772 --- [restartedMain] s.w.s.m.m.a.RequestMappingHandlerMapping : Mapped "{[/gerent/login],methods=[POST]}" onto public com.zhefan.yummy.dto.ResponseDTO com.zhefan.yummy.controller.GerentController.login(java.lang.String,java.lang.String,javax.servlet.http.HttpServletRequest)
2018-11-15 14:57:21.922  INFO 8772 --- [restartedMain] s.w.s.m.m.a.RequestMappingHandlerMapping : Mapped "{[/gerent/del],methods=[POST]}" onto public com.zhefan.yummy.dto.ResponseDTO com.zhefan.yummy.controller.GerentController.del(java.util.List<java.lang.Integer>,javax.servlet.http.HttpServletRequest)
2018-11-15 14:57:21.923  INFO 8772 --- [restartedMain] s.w.s.m.m.a.RequestMappingHandlerMapping : Mapped "{[/error]}" onto public com.alibaba.fastjson.JSONObject com.zhefan.yummy.controller.MainController.doHandleError(javax.servlet.http.HttpServletRequest)
2018-11-15 14:57:21.923  INFO 8772 --- [restartedMain] s.w.s.m.m.a.RequestMappingHandlerMapping : Mapped "{[/menu/list],methods=[POST]}" onto public com.zhefan.yummy.dto.ResponseDTO<java.util.List<com.zhefan.yummy.entity.Menu>> com.zhefan.yummy.controller.MenuController.list(java.lang.Integer,javax.servlet.http.HttpServletRequest)
2018-11-15 14:57:21.936  INFO 8772 --- [restartedMain] s.w.s.m.m.a.RequestMappingHandlerMapping : Mapped "{[/order/list],methods=[POST]}" onto public com.zhefan.yummy.dto.ResponseDTO<com.baomidou.mybatisplus.plugins.Page<com.zhefan.yummy.entity.Order>> com.zhefan.yummy.controller.OrderController.list(com.zhefan.yummy.param.RequestOrderList)
2018-11-15 14:57:21.937  INFO 8772 --- [restartedMain] s.w.s.m.m.a.RequestMappingHandlerMapping : Mapped "{[/order/del],methods=[POST]}" onto public com.zhefan.yummy.dto.ResponseDTO com.zhefan.yummy.controller.OrderController.del(java.util.List<java.lang.Integer>)
2018-11-15 14:57:21.938  INFO 8772 --- [restartedMain] s.w.s.m.m.a.RequestMappingHandlerMapping : Mapped "{[/orderDetail/list],methods=[POST]}" onto public com.zhefan.yummy.dto.ResponseDTO<java.util.List<com.zhefan.yummy.entity.OrderDetail>> com.zhefan.yummy.controller.OrderDetailController.list(java.lang.Integer)
2018-11-15 14:57:21.939  INFO 8772 --- [restartedMain] s.w.s.m.m.a.RequestMappingHandlerMapping : Mapped "{[/role/list],methods=[POST]}" onto public com.zhefan.yummy.dto.ResponseDTO<com.baomidou.mybatisplus.plugins.Page<com.zhefan.yummy.entity.Role>> com.zhefan.yummy.controller.RoleController.list(com.zhefan.yummy.param.RequestRoleList)
2018-11-15 14:57:21.940  INFO 8772 --- [restartedMain] s.w.s.m.m.a.RequestMappingHandlerMapping : Mapped "{[/role/save],methods=[POST]}" onto public com.zhefan.yummy.dto.ResponseDTO com.zhefan.yummy.controller.RoleController.save(com.zhefan.yummy.param.RequestRole,javax.servlet.http.HttpServletRequest)
2018-11-15 14:57:21.941  INFO 8772 --- [restartedMain] s.w.s.m.m.a.RequestMappingHandlerMapping : Mapped "{[/role/del],methods=[POST]}" onto public com.zhefan.yummy.dto.ResponseDTO com.zhefan.yummy.controller.RoleController.del(java.util.List<java.lang.Integer>)
2018-11-15 14:57:21.942  INFO 8772 --- [restartedMain] s.w.s.m.m.a.RequestMappingHandlerMapping : Mapped "{[/shop/list],methods=[POST]}" onto public com.zhefan.yummy.dto.ResponseDTO<com.baomidou.mybatisplus.plugins.Page<com.zhefan.yummy.entity.Shop>> com.zhefan.yummy.controller.ShopController.list(com.zhefan.yummy.param.RequestShopList,javax.servlet.http.HttpServletRequest)
2018-11-15 14:57:21.943  INFO 8772 --- [restartedMain] s.w.s.m.m.a.RequestMappingHandlerMapping : Mapped "{[/shop/save],methods=[POST]}" onto public com.zhefan.yummy.dto.ResponseDTO com.zhefan.yummy.controller.ShopController.save(com.zhefan.yummy.param.RequestShop,javax.servlet.http.HttpServletRequest)
2018-11-15 14:57:21.943  INFO 8772 --- [restartedMain] s.w.s.m.m.a.RequestMappingHandlerMapping : Mapped "{[/shop/del],methods=[POST]}" onto public com.zhefan.yummy.dto.ResponseDTO com.zhefan.yummy.controller.ShopController.del(java.util.List<java.lang.Integer>)
2018-11-15 14:57:21.945  INFO 8772 --- [restartedMain] s.w.s.m.m.a.RequestMappingHandlerMapping : Mapped "{[/table/list],methods=[POST]}" onto public com.zhefan.yummy.dto.ResponseDTO<com.baomidou.mybatisplus.plugins.Page<com.zhefan.yummy.entity.Table>> com.zhefan.yummy.controller.TableController.list(com.zhefan.yummy.param.RequestTableList)
2018-11-15 14:57:21.945  INFO 8772 --- [restartedMain] s.w.s.m.m.a.RequestMappingHandlerMapping : Mapped "{[/table/save],methods=[POST]}" onto public com.zhefan.yummy.dto.ResponseDTO com.zhefan.yummy.controller.TableController.save(com.zhefan.yummy.param.RequestTable,javax.servlet.http.HttpServletRequest)
2018-11-15 14:57:21.946  INFO 8772 --- [restartedMain] s.w.s.m.m.a.RequestMappingHandlerMapping : Mapped "{[/table/del],methods=[POST]}" onto public com.zhefan.yummy.dto.ResponseDTO com.zhefan.yummy.controller.TableController.del(java.util.List<java.lang.Integer>)
2018-11-15 14:57:21.947  INFO 8772 --- [restartedMain] s.w.s.m.m.a.RequestMappingHandlerMapping : Mapped "{[/tableType/list],methods=[POST]}" onto public com.zhefan.yummy.dto.ResponseDTO<java.util.List<com.zhefan.yummy.entity.TableType>> com.zhefan.yummy.controller.TableTypeController.list(java.lang.Integer,java.lang.Integer,java.lang.Integer)
2018-11-15 14:57:21.948  INFO 8772 --- [restartedMain] s.w.s.m.m.a.RequestMappingHandlerMapping : Mapped "{[/tableType/save],methods=[POST]}" onto public com.zhefan.yummy.dto.ResponseDTO com.zhefan.yummy.controller.TableTypeController.save(com.zhefan.yummy.param.RequestTableType,javax.servlet.http.HttpServletRequest)
2018-11-15 14:57:21.948  INFO 8772 --- [restartedMain] s.w.s.m.m.a.RequestMappingHandlerMapping : Mapped "{[/tableType/del],methods=[POST]}" onto public com.zhefan.yummy.dto.ResponseDTO com.zhefan.yummy.controller.TableTypeController.del(java.util.List<java.lang.Integer>)
2018-11-15 14:57:21.950  INFO 8772 --- [restartedMain] s.w.s.m.m.a.RequestMappingHandlerMapping : Mapped "{[/v2/api-docs],methods=[GET],produces=[application/json || application/hal+json]}" onto public org.springframework.http.ResponseEntity<springfox.documentation.spring.web.json.Json> springfox.documentation.swagger2.web.Swagger2Controller.getDocumentation(java.lang.String,javax.servlet.http.HttpServletRequest)
2018-11-15 14:57:21.961  INFO 8772 --- [restartedMain] s.w.s.m.m.a.RequestMappingHandlerMapping : Mapped "{[/swagger-resources/configuration/security]}" onto org.springframework.http.ResponseEntity<springfox.documentation.swagger.web.SecurityConfiguration> springfox.documentation.swagger.web.ApiResourceController.securityConfiguration()
2018-11-15 14:57:21.963  INFO 8772 --- [restartedMain] s.w.s.m.m.a.RequestMappingHandlerMapping : Mapped "{[/swagger-resources]}" onto org.springframework.http.ResponseEntity<java.util.List<springfox.documentation.swagger.web.SwaggerResource>> springfox.documentation.swagger.web.ApiResourceController.swaggerResources()
2018-11-15 14:57:21.964  INFO 8772 --- [restartedMain] s.w.s.m.m.a.RequestMappingHandlerMapping : Mapped "{[/swagger-resources/configuration/ui]}" onto org.springframework.http.ResponseEntity<springfox.documentation.swagger.web.UiConfiguration> springfox.documentation.swagger.web.ApiResourceController.uiConfiguration()
2018-11-15 14:57:23.455  INFO 8772 --- [restartedMain] s.w.s.m.m.a.RequestMappingHandlerAdapter : Looking for @ControllerAdvice: org.springframework.boot.context.embedded.AnnotationConfigEmbeddedWebApplicationContext@31d73020: startup date [Thu Nov 15 14:57:09 CST 2018]; root of context hierarchy
2018-11-15 14:57:23.528  INFO 8772 --- [restartedMain] o.s.w.s.handler.SimpleUrlHandlerMapping  : Root mapping to handler of type [class org.springframework.web.servlet.mvc.ParameterizableViewController]
2018-11-15 14:57:23.528  INFO 8772 --- [restartedMain] o.s.w.s.handler.SimpleUrlHandlerMapping  : Mapped URL path [/login] onto handler of type [class org.springframework.web.servlet.mvc.ParameterizableViewController]
2018-11-15 14:57:23.543  INFO 8772 --- [restartedMain] o.s.w.s.handler.SimpleUrlHandlerMapping  : Mapped URL path [/**] onto handler of type [class org.springframework.web.servlet.resource.ResourceHttpRequestHandler]
2018-11-15 14:57:23.544  INFO 8772 --- [restartedMain] o.s.w.s.handler.SimpleUrlHandlerMapping  : Mapped URL path [/swagger-ui.html] onto handler of type [class org.springframework.web.servlet.resource.ResourceHttpRequestHandler]
2018-11-15 14:57:23.544  INFO 8772 --- [restartedMain] o.s.w.s.handler.SimpleUrlHandlerMapping  : Mapped URL path [/webjars/**] onto handler of type [class org.springframework.web.servlet.resource.ResourceHttpRequestHandler]
2018-11-15 14:57:23.577  INFO 8772 --- [restartedMain] .m.m.a.ExceptionHandlerExceptionResolver : Detected @ExceptionHandler methods in globalDefaultExceptionHandler
2018-11-15 14:57:23.614  INFO 8772 --- [restartedMain] o.s.w.s.handler.SimpleUrlHandlerMapping  : Mapped URL path [/**/favicon.ico] onto handler of type [class org.springframework.web.servlet.resource.ResourceHttpRequestHandler]
2018-11-15 14:57:24.151  INFO 8772 --- [restartedMain] o.s.b.d.a.OptionalLiveReloadServer       : LiveReload server is running on port 35729
2018-11-15 14:57:24.245  INFO 8772 --- [restartedMain] o.s.j.e.a.AnnotationMBeanExporter        : Registering beans for JMX exposure on startup
2018-11-15 14:57:24.249  INFO 8772 --- [restartedMain] o.s.j.e.a.AnnotationMBeanExporter        : Bean with name 'statFilter' has been autodetected for JMX exposure
2018-11-15 14:57:24.249  INFO 8772 --- [restartedMain] o.s.j.e.a.AnnotationMBeanExporter        : Bean with name 'dataSource' has been autodetected for JMX exposure
2018-11-15 14:57:24.257  INFO 8772 --- [restartedMain] o.s.j.e.a.AnnotationMBeanExporter        : Located MBean 'dataSource': registering with JMX server as MBean [com.alibaba.druid.spring.boot.autoconfigure:name=dataSource,type=DruidDataSourceWrapper]
2018-11-15 14:57:24.272  INFO 8772 --- [restartedMain] o.s.j.e.a.AnnotationMBeanExporter        : Located MBean 'statFilter': registering with JMX server as MBean [com.alibaba.druid.filter.stat:name=statFilter,type=StatFilter]
2018-11-15 14:57:24.278  INFO 8772 --- [restartedMain] o.s.c.support.DefaultLifecycleProcessor  : Starting beans in phase 2147483647
2018-11-15 14:57:24.278  INFO 8772 --- [restartedMain] d.s.w.p.DocumentationPluginsBootstrapper : Context refreshed
2018-11-15 14:57:24.340  INFO 8772 --- [restartedMain] d.s.w.p.DocumentationPluginsBootstrapper : Found 1 custom documentation plugin(s)
2018-11-15 14:57:24.378  INFO 8772 --- [restartedMain] s.d.s.w.s.ApiListingReferenceScanner     : Scanning for api listing references
2018-11-15 14:57:24.687  INFO 8772 --- [restartedMain] .d.s.w.r.o.CachingOperationNameGenerator : Generating unique operation named: delUsingPOST_1
2018-11-15 14:57:24.719  INFO 8772 --- [restartedMain] .d.s.w.r.o.CachingOperationNameGenerator : Generating unique operation named: listUsingPOST_1
2018-11-15 14:57:24.740  INFO 8772 --- [restartedMain] .d.s.w.r.o.CachingOperationNameGenerator : Generating unique operation named: saveUsingPOST_1
2018-11-15 14:57:24.762  INFO 8772 --- [restartedMain] .d.s.w.r.o.CachingOperationNameGenerator : Generating unique operation named: delUsingPOST_2
2018-11-15 14:57:24.804  INFO 8772 --- [restartedMain] .d.s.w.r.o.CachingOperationNameGenerator : Generating unique operation named: listUsingPOST_2
2018-11-15 14:57:24.838  INFO 8772 --- [restartedMain] .d.s.w.r.o.CachingOperationNameGenerator : Generating unique operation named: saveUsingPOST_2
2018-11-15 14:57:24.856  INFO 8772 --- [restartedMain] .d.s.w.r.o.CachingOperationNameGenerator : Generating unique operation named: delUsingPOST_3
2018-11-15 14:57:24.874  INFO 8772 --- [restartedMain] .d.s.w.r.o.CachingOperationNameGenerator : Generating unique operation named: saveUsingPOST_3
2018-11-15 14:57:24.990  INFO 8772 --- [restartedMain] .d.s.w.r.o.CachingOperationNameGenerator : Generating unique operation named: listUsingPOST_3
2018-11-15 14:57:25.000  INFO 8772 --- [restartedMain] .d.s.w.r.o.CachingOperationNameGenerator : Generating unique operation named: delUsingPOST_4
2018-11-15 14:57:25.030  INFO 8772 --- [restartedMain] .d.s.w.r.o.CachingOperationNameGenerator : Generating unique operation named: listUsingPOST_4
2018-11-15 14:57:25.049  INFO 8772 --- [restartedMain] .d.s.w.r.o.CachingOperationNameGenerator : Generating unique operation named: listUsingPOST_5
2018-11-15 14:57:25.058  INFO 8772 --- [restartedMain] .d.s.w.r.o.CachingOperationNameGenerator : Generating unique operation named: delUsingPOST_5
2018-11-15 14:57:25.074  INFO 8772 --- [restartedMain] .d.s.w.r.o.CachingOperationNameGenerator : Generating unique operation named: listUsingPOST_6
2018-11-15 14:57:25.080  INFO 8772 --- [restartedMain] .d.s.w.r.o.CachingOperationNameGenerator : Generating unique operation named: saveUsingPOST_4
2018-11-15 14:57:25.086  INFO 8772 --- [restartedMain] .d.s.w.r.o.CachingOperationNameGenerator : Generating unique operation named: delUsingPOST_6
2018-11-15 14:57:25.108  INFO 8772 --- [restartedMain] .d.s.w.r.o.CachingOperationNameGenerator : Generating unique operation named: listUsingPOST_7
2018-11-15 14:57:25.115  INFO 8772 --- [restartedMain] .d.s.w.r.o.CachingOperationNameGenerator : Generating unique operation named: saveUsingPOST_5
2018-11-15 14:57:25.127  INFO 8772 --- [restartedMain] .d.s.w.r.o.CachingOperationNameGenerator : Generating unique operation named: delUsingPOST_7
2018-11-15 14:57:25.145  INFO 8772 --- [restartedMain] .d.s.w.r.o.CachingOperationNameGenerator : Generating unique operation named: listUsingPOST_8
2018-11-15 14:57:25.152  INFO 8772 --- [restartedMain] .d.s.w.r.o.CachingOperationNameGenerator : Generating unique operation named: saveUsingPOST_6
2018-11-15 14:57:25.157  INFO 8772 --- [restartedMain] .d.s.w.r.o.CachingOperationNameGenerator : Generating unique operation named: delUsingPOST_8
2018-11-15 14:57:25.171  INFO 8772 --- [restartedMain] .d.s.w.r.o.CachingOperationNameGenerator : Generating unique operation named: listUsingPOST_9
2018-11-15 14:57:25.178  INFO 8772 --- [restartedMain] .d.s.w.r.o.CachingOperationNameGenerator : Generating unique operation named: saveUsingPOST_7
2018-11-15 14:57:25.211  INFO 8772 --- [restartedMain] s.a.ScheduledAnnotationBeanPostProcessor : No TaskScheduler/ScheduledExecutorService bean found for scheduled processing
2018-11-15 14:57:25.386  INFO 8772 --- [restartedMain] s.b.c.e.t.TomcatEmbeddedServletContainer : Tomcat started on port(s): 80 (http)
2018-11-15 14:57:25.399  INFO 8772 --- [restartedMain] c.c.socketio.SocketIOServer              : Session store / pubsub factory used: MemoryStoreFactory (local session store only)
2018-11-15 14:57:25.988  INFO 8772 --- [nioEventLoopGroup-2-1] c.c.socketio.SocketIOServer              : SocketIO server started at port: 8888
2018-11-15 14:57:25.993  INFO 8772 --- [restartedMain] com.zhefan.yummy.YummyApplication        : Started YummyApplication in 17.885 seconds (JVM running for 20.294)
2018-11-15 15:10:08.216  INFO 8772 --- [Thread-8] ationConfigEmbeddedWebApplicationContext : Closing org.springframework.boot.context.embedded.AnnotationConfigEmbeddedWebApplicationContext@31d73020: startup date [Thu Nov 15 14:57:09 CST 2018]; root of context hierarchy
2018-11-15 15:10:08.326  INFO 8772 --- [Thread-8] o.s.c.support.DefaultLifecycleProcessor  : Stopping beans in phase 2147483647
2018-11-15 15:10:08.347  INFO 8772 --- [Thread-8] o.s.j.e.a.AnnotationMBeanExporter        : Unregistering JMX-exposed beans on shutdown
2018-11-15 15:10:08.349  INFO 8772 --- [Thread-8] o.s.j.e.a.AnnotationMBeanExporter        : Unregistering JMX-exposed beans
2018-11-15 15:10:08.386  INFO 8772 --- [Thread-8] com.alibaba.druid.pool.DruidDataSource   : {dataSource-1} closed
2018-11-15 15:10:08.901  INFO 8772 --- [restartedMain] com.zhefan.yummy.YummyApplication        : Starting YummyApplication on LAPTOP-5F6OV8VB with PID 8772 (started by 刘伟军 in C:\Users\刘伟军\Desktop\ZheFan\web)
2018-11-15 15:10:08.902 DEBUG 8772 --- [restartedMain] com.zhefan.yummy.YummyApplication        : Running with Spring Boot v1.5.5.RELEASE, Spring v4.3.10.RELEASE
2018-11-15 15:10:08.902  INFO 8772 --- [restartedMain] com.zhefan.yummy.YummyApplication        : No active profile set, falling back to default profiles: default
2018-11-15 15:10:08.907  INFO 8772 --- [restartedMain] ationConfigEmbeddedWebApplicationContext : Refreshing org.springframework.boot.context.embedded.AnnotationConfigEmbeddedWebApplicationContext@4a688808: startup date [Thu Nov 15 15:10:08 CST 2018]; root of context hierarchy
2018-11-15 15:10:10.689  INFO 8772 --- [restartedMain] .s.d.r.c.RepositoryConfigurationDelegate : Multiple Spring Data modules found, entering strict repository configuration mode!
2018-11-15 15:10:11.041  INFO 8772 --- [restartedMain] trationDelegate$BeanPostProcessorChecker : Bean 'org.springframework.transaction.annotation.ProxyTransactionManagementConfiguration' of type [org.springframework.transaction.annotation.ProxyTransactionManagementConfiguration$$EnhancerBySpringCGLIB$$c88c3366] is not eligible for getting processed by all BeanPostProcessors (for example: not eligible for auto-proxying)
2018-11-15 15:10:11.055  INFO 8772 --- [restartedMain] trationDelegate$BeanPostProcessorChecker : Bean 'redisCacheConfig' of type [com.zhefan.yummy.config.redis.RedisCacheConfig$$EnhancerBySpringCGLIB$$53f12ebd] is not eligible for getting processed by all BeanPostProcessors (for example: not eligible for auto-proxying)
2018-11-15 15:10:11.056  INFO 8772 --- [restartedMain] trationDelegate$BeanPostProcessorChecker : Bean 'org.springframework.cache.annotation.ProxyCachingConfiguration' of type [org.springframework.cache.annotation.ProxyCachingConfiguration$$EnhancerBySpringCGLIB$$119e6984] is not eligible for getting processed by all BeanPostProcessors (for example: not eligible for auto-proxying)
2018-11-15 15:10:11.069  INFO 8772 --- [restartedMain] trationDelegate$BeanPostProcessorChecker : Bean 'socketConfig' of type [com.zhefan.yummy.socket.SocketConfig] is not eligible for getting processed by all BeanPostProcessors (for example: not eligible for auto-proxying)
2018-11-15 15:10:11.074  INFO 8772 --- [restartedMain] trationDelegate$BeanPostProcessorChecker : Bean 'socketIOServer' of type [com.corundumstudio.socketio.SocketIOServer] is not eligible for getting processed by all BeanPostProcessors (for example: not eligible for auto-proxying)
2018-11-15 15:10:11.203  INFO 8772 --- [restartedMain] s.b.c.e.t.TomcatEmbeddedServletContainer : Tomcat initialized with port(s): 80 (http)
2018-11-15 15:10:11.204  INFO 8772 --- [restartedMain] o.apache.catalina.core.StandardService   : Starting service [Tomcat]
2018-11-15 15:10:11.209  INFO 8772 --- [restartedMain] org.apache.catalina.core.StandardEngine  : Starting Servlet Engine: Apache Tomcat/8.5.16
2018-11-15 15:10:11.345  INFO 8772 --- [localhost-startStop-1] org.apache.jasper.servlet.TldScanner     : At least one JAR was scanned for TLDs yet contained no TLDs. Enable debug logging for this logger for a complete list of JARs that were scanned but no TLDs were found in them. Skipping unneeded JARs during scanning can improve startup time and JSP compilation time.
2018-11-15 15:10:11.347  INFO 8772 --- [localhost-startStop-1] o.a.c.c.C.[Tomcat].[localhost].[/]       : Initializing Spring embedded WebApplicationContext
2018-11-15 15:10:11.347  INFO 8772 --- [localhost-startStop-1] o.s.web.context.ContextLoader            : Root WebApplicationContext: initialization completed in 2440 ms
2018-11-15 15:10:11.416 DEBUG 8772 --- [localhost-startStop-1] c.z.y.config.redis.RedisSessionConfig    : domainName:localhost,cookieName:JSESSIONID,cookiePath:/ 
2018-11-15 15:10:11.483  INFO 8772 --- [localhost-startStop-1] o.s.b.w.servlet.ServletRegistrationBean  : Mapping servlet: 'dispatcherServlet' to [/]
2018-11-15 15:10:11.491  INFO 8772 --- [localhost-startStop-1] o.s.b.w.servlet.ServletRegistrationBean  : Mapping servlet: 'statViewServlet' to [/druid/*]
2018-11-15 15:10:11.494  INFO 8772 --- [localhost-startStop-1] o.s.b.w.servlet.FilterRegistrationBean   : Mapping filter: 'characterEncodingFilter' to: [/*]
2018-11-15 15:10:11.499  INFO 8772 --- [localhost-startStop-1] o.s.b.w.servlet.FilterRegistrationBean   : Mapping filter: 'springSessionRepositoryFilter' to: [/*]
2018-11-15 15:10:11.499  INFO 8772 --- [localhost-startStop-1] o.s.b.w.servlet.FilterRegistrationBean   : Mapping filter: 'hiddenHttpMethodFilter' to: [/*]
2018-11-15 15:10:11.499  INFO 8772 --- [localhost-startStop-1] o.s.b.w.servlet.FilterRegistrationBean   : Mapping filter: 'httpPutFormContentFilter' to: [/*]
2018-11-15 15:10:11.499  INFO 8772 --- [localhost-startStop-1] o.s.b.w.servlet.FilterRegistrationBean   : Mapping filter: 'requestContextFilter' to: [/*]
2018-11-15 15:10:11.505  INFO 8772 --- [localhost-startStop-1] o.s.b.w.servlet.FilterRegistrationBean   : Mapping filter: 'webStatFilter' to urls: [/*]
2018-11-15 15:10:11.505  INFO 8772 --- [localhost-startStop-1] o.s.b.w.servlet.FilterRegistrationBean   : Mapping filter: 'corsFilter' to: [/*]
2018-11-15 15:10:11.931  INFO 8772 --- [restartedMain] com.alibaba.druid.pool.DruidDataSource   : {dataSource-2} inited
2018-11-15 15:10:12.725  INFO 8772 --- [restartedMain] c.c.s.a.SpringAnnotationScanner          : messageEventHandler bean listeners added
2018-11-15 15:10:12.934  INFO 8772 --- [restartedMain] s.w.s.m.m.a.RequestMappingHandlerMapping : Mapped "{[/area/list],methods=[POST]}" onto public com.zhefan.yummy.dto.ResponseDTO<java.util.List<com.zhefan.yummy.entity.Area>> com.zhefan.yummy.controller.AreaController.list(java.lang.Integer,java.lang.Integer)
2018-11-15 15:10:12.935  INFO 8772 --- [restartedMain] s.w.s.m.m.a.RequestMappingHandlerMapping : Mapped "{[/area/save],methods=[POST]}" onto public com.zhefan.yummy.dto.ResponseDTO com.zhefan.yummy.controller.AreaController.save(com.zhefan.yummy.param.RequestArea,javax.servlet.http.HttpServletRequest)
2018-11-15 15:10:12.943  INFO 8772 --- [restartedMain] s.w.s.m.m.a.RequestMappingHandlerMapping : Mapped "{[/area/del],methods=[POST]}" onto public com.zhefan.yummy.dto.ResponseDTO com.zhefan.yummy.controller.AreaController.del(java.util.List<java.lang.Integer>)
2018-11-15 15:10:12.944  INFO 8772 --- [restartedMain] s.w.s.m.m.a.RequestMappingHandlerMapping : Mapped "{[/common/testuploadimg],methods=[POST]}" onto public com.zhefan.yummy.dto.ResponseDTO<java.lang.String> com.zhefan.yummy.controller.CommonController.uploadImg(org.springframework.web.multipart.MultipartFile,javax.servlet.http.HttpServletRequest)
2018-11-15 15:10:12.951  INFO 8772 --- [restartedMain] s.w.s.m.m.a.RequestMappingHandlerMapping : Mapped "{[/common/qrcode],methods=[GET],produces=[application/json;charset=UTF-8]}" onto public void com.zhefan.yummy.controller.CommonController.qrcode(java.lang.String,javax.servlet.http.HttpServletResponse)
2018-11-15 15:10:12.952  INFO 8772 --- [restartedMain] s.w.s.m.m.a.RequestMappingHandlerMapping : Mapped "{[/dishesClass/list],methods=[POST]}" onto public com.zhefan.yummy.dto.ResponseDTO<java.util.List<com.zhefan.yummy.entity.DishesClass>> com.zhefan.yummy.controller.DishesClassController.list(java.lang.Integer,java.lang.Integer,java.lang.Integer)
2018-11-15 15:10:12.953  INFO 8772 --- [restartedMain] s.w.s.m.m.a.RequestMappingHandlerMapping : Mapped "{[/dishesClass/save],methods=[POST]}" onto public com.zhefan.yummy.dto.ResponseDTO com.zhefan.yummy.controller.DishesClassController.save(com.zhefan.yummy.param.RequestDishesClass,javax.servlet.http.HttpServletRequest)
2018-11-15 15:10:12.953  INFO 8772 --- [restartedMain] s.w.s.m.m.a.RequestMappingHandlerMapping : Mapped "{[/dishesClass/del],methods=[POST]}" onto public com.zhefan.yummy.dto.ResponseDTO com.zhefan.yummy.controller.DishesClassController.del(java.util.List<java.lang.Integer>)
2018-11-15 15:10:12.960  INFO 8772 --- [restartedMain] s.w.s.m.m.a.RequestMappingHandlerMapping : Mapped "{[/dishes/list],methods=[POST]}" onto public com.zhefan.yummy.dto.ResponseDTO<com.baomidou.mybatisplus.plugins.Page<com.zhefan.yummy.entity.Dishes>> com.zhefan.yummy.controller.DishesController.list(com.zhefan.yummy.param.RequestDishesList)
2018-11-15 15:10:12.961  INFO 8772 --- [restartedMain] s.w.s.m.m.a.RequestMappingHandlerMapping : Mapped "{[/dishes/save],methods=[POST]}" onto public com.zhefan.yummy.dto.ResponseDTO com.zhefan.yummy.controller.DishesController.save(com.zhefan.yummy.param.RequestDishes,javax.servlet.http.HttpServletRequest)
2018-11-15 15:10:12.961  INFO 8772 --- [restartedMain] s.w.s.m.m.a.RequestMappingHandlerMapping : Mapped "{[/dishes/notSale],methods=[POST]}" onto public com.zhefan.yummy.dto.ResponseDTO com.zhefan.yummy.controller.DishesController.notSale(java.util.List<java.lang.Integer>)
2018-11-15 15:10:12.961  INFO 8772 --- [restartedMain] s.w.s.m.m.a.RequestMappingHandlerMapping : Mapped "{[/dishes/soldOut],methods=[POST]}" onto public com.zhefan.yummy.dto.ResponseDTO com.zhefan.yummy.controller.DishesController.soldOut(java.util.List<java.lang.Integer>)
2018-11-15 15:10:12.967  INFO 8772 --- [restartedMain] s.w.s.m.m.a.RequestMappingHandlerMapping : Mapped "{[/dishes/sold],methods=[POST]}" onto public com.zhefan.yummy.dto.ResponseDTO com.zhefan.yummy.controller.DishesController.sold(java.util.List<java.lang.Integer>)
2018-11-15 15:10:12.967  INFO 8772 --- [restartedMain] s.w.s.m.m.a.RequestMappingHandlerMapping : Mapped "{[/dishes/sale],methods=[POST]}" onto public com.zhefan.yummy.dto.ResponseDTO com.zhefan.yummy.controller.DishesController.sales(java.util.List<java.lang.Integer>)
2018-11-15 15:10:12.967  INFO 8772 --- [restartedMain] s.w.s.m.m.a.RequestMappingHandlerMapping : Mapped "{[/dishes/del],methods=[POST]}" onto public com.zhefan.yummy.dto.ResponseDTO com.zhefan.yummy.controller.DishesController.del(java.util.List<java.lang.Integer>)
2018-11-15 15:10:12.968  INFO 8772 --- [restartedMain] s.w.s.m.m.a.RequestMappingHandlerMapping : Mapped "{[/gerent/save],methods=[POST]}" onto public com.zhefan.yummy.dto.ResponseDTO com.zhefan.yummy.controller.GerentController.save(com.zhefan.yummy.param.RequestGerent,javax.servlet.http.HttpServletRequest)
2018-11-15 15:10:12.969  INFO 8772 --- [restartedMain] s.w.s.m.m.a.RequestMappingHandlerMapping : Mapped "{[/gerent/login],methods=[POST]}" onto public com.zhefan.yummy.dto.ResponseDTO com.zhefan.yummy.controller.GerentController.login(java.lang.String,java.lang.String,javax.servlet.http.HttpServletRequest)
2018-11-15 15:10:12.970  INFO 8772 --- [restartedMain] s.w.s.m.m.a.RequestMappingHandlerMapping : Mapped "{[/gerent/del],methods=[POST]}" onto public com.zhefan.yummy.dto.ResponseDTO com.zhefan.yummy.controller.GerentController.del(java.util.List<java.lang.Integer>,javax.servlet.http.HttpServletRequest)
2018-11-15 15:10:12.970  INFO 8772 --- [restartedMain] s.w.s.m.m.a.RequestMappingHandlerMapping : Mapped "{[/error]}" onto public com.alibaba.fastjson.JSONObject com.zhefan.yummy.controller.MainController.doHandleError(javax.servlet.http.HttpServletRequest)
2018-11-15 15:10:12.971  INFO 8772 --- [restartedMain] s.w.s.m.m.a.RequestMappingHandlerMapping : Mapped "{[/menu/list],methods=[POST]}" onto public com.zhefan.yummy.dto.ResponseDTO<java.util.List<com.zhefan.yummy.entity.Menu>> com.zhefan.yummy.controller.MenuController.list(java.lang.Integer,javax.servlet.http.HttpServletRequest)
2018-11-15 15:10:12.976  INFO 8772 --- [restartedMain] s.w.s.m.m.a.RequestMappingHandlerMapping : Mapped "{[/order/list],methods=[POST]}" onto public com.zhefan.yummy.dto.ResponseDTO<com.baomidou.mybatisplus.plugins.Page<com.zhefan.yummy.entity.Order>> com.zhefan.yummy.controller.OrderController.list(com.zhefan.yummy.param.RequestOrderList)
2018-11-15 15:10:12.977  INFO 8772 --- [restartedMain] s.w.s.m.m.a.RequestMappingHandlerMapping : Mapped "{[/order/del],methods=[POST]}" onto public com.zhefan.yummy.dto.ResponseDTO com.zhefan.yummy.controller.OrderController.del(java.util.List<java.lang.Integer>)
2018-11-15 15:10:12.978  INFO 8772 --- [restartedMain] s.w.s.m.m.a.RequestMappingHandlerMapping : Mapped "{[/orderDetail/list],methods=[POST]}" onto public com.zhefan.yummy.dto.ResponseDTO<java.util.List<com.zhefan.yummy.entity.OrderDetail>> com.zhefan.yummy.controller.OrderDetailController.list(java.lang.Integer)
2018-11-15 15:10:12.979  INFO 8772 --- [restartedMain] s.w.s.m.m.a.RequestMappingHandlerMapping : Mapped "{[/role/list],methods=[POST]}" onto public com.zhefan.yummy.dto.ResponseDTO<com.baomidou.mybatisplus.plugins.Page<com.zhefan.yummy.entity.Role>> com.zhefan.yummy.controller.RoleController.list(com.zhefan.yummy.param.RequestRoleList)
2018-11-15 15:10:12.980  INFO 8772 --- [restartedMain] s.w.s.m.m.a.RequestMappingHandlerMapping : Mapped "{[/role/save],methods=[POST]}" onto public com.zhefan.yummy.dto.ResponseDTO com.zhefan.yummy.controller.RoleController.save(com.zhefan.yummy.param.RequestRole,javax.servlet.http.HttpServletRequest)
2018-11-15 15:10:12.980  INFO 8772 --- [restartedMain] s.w.s.m.m.a.RequestMappingHandlerMapping : Mapped "{[/role/del],methods=[POST]}" onto public com.zhefan.yummy.dto.ResponseDTO com.zhefan.yummy.controller.RoleController.del(java.util.List<java.lang.Integer>)
2018-11-15 15:10:12.981  INFO 8772 --- [restartedMain] s.w.s.m.m.a.RequestMappingHandlerMapping : Mapped "{[/shop/list],methods=[POST]}" onto public com.zhefan.yummy.dto.ResponseDTO<com.baomidou.mybatisplus.plugins.Page<com.zhefan.yummy.entity.Shop>> com.zhefan.yummy.controller.ShopController.list(com.zhefan.yummy.param.RequestShopList,javax.servlet.http.HttpServletRequest)
2018-11-15 15:10:12.982  INFO 8772 --- [restartedMain] s.w.s.m.m.a.RequestMappingHandlerMapping : Mapped "{[/shop/save],methods=[POST]}" onto public com.zhefan.yummy.dto.ResponseDTO com.zhefan.yummy.controller.ShopController.save(com.zhefan.yummy.param.RequestShop,javax.servlet.http.HttpServletRequest)
2018-11-15 15:10:12.983  INFO 8772 --- [restartedMain] s.w.s.m.m.a.RequestMappingHandlerMapping : Mapped "{[/shop/del],methods=[POST]}" onto public com.zhefan.yummy.dto.ResponseDTO com.zhefan.yummy.controller.ShopController.del(java.util.List<java.lang.Integer>)
2018-11-15 15:10:12.984  INFO 8772 --- [restartedMain] s.w.s.m.m.a.RequestMappingHandlerMapping : Mapped "{[/table/list],methods=[POST]}" onto public com.zhefan.yummy.dto.ResponseDTO<com.baomidou.mybatisplus.plugins.Page<com.zhefan.yummy.entity.Table>> com.zhefan.yummy.controller.TableController.list(com.zhefan.yummy.param.RequestTableList)
2018-11-15 15:10:12.984  INFO 8772 --- [restartedMain] s.w.s.m.m.a.RequestMappingHandlerMapping : Mapped "{[/table/save],methods=[POST]}" onto public com.zhefan.yummy.dto.ResponseDTO com.zhefan.yummy.controller.TableController.save(com.zhefan.yummy.param.RequestTable,javax.servlet.http.HttpServletRequest)
2018-11-15 15:10:12.986  INFO 8772 --- [restartedMain] s.w.s.m.m.a.RequestMappingHandlerMapping : Mapped "{[/table/del],methods=[POST]}" onto public com.zhefan.yummy.dto.ResponseDTO com.zhefan.yummy.controller.TableController.del(java.util.List<java.lang.Integer>)
2018-11-15 15:10:12.988  INFO 8772 --- [restartedMain] s.w.s.m.m.a.RequestMappingHandlerMapping : Mapped "{[/tableType/list],methods=[POST]}" onto public com.zhefan.yummy.dto.ResponseDTO<java.util.List<com.zhefan.yummy.entity.TableType>> com.zhefan.yummy.controller.TableTypeController.list(java.lang.Integer,java.lang.Integer,java.lang.Integer)
2018-11-15 15:10:12.989  INFO 8772 --- [restartedMain] s.w.s.m.m.a.RequestMappingHandlerMapping : Mapped "{[/tableType/save],methods=[POST]}" onto public com.zhefan.yummy.dto.ResponseDTO com.zhefan.yummy.controller.TableTypeController.save(com.zhefan.yummy.param.RequestTableType,javax.servlet.http.HttpServletRequest)
2018-11-15 15:10:12.989  INFO 8772 --- [restartedMain] s.w.s.m.m.a.RequestMappingHandlerMapping : Mapped "{[/tableType/del],methods=[POST]}" onto public com.zhefan.yummy.dto.ResponseDTO com.zhefan.yummy.controller.TableTypeController.del(java.util.List<java.lang.Integer>)
2018-11-15 15:10:12.990  INFO 8772 --- [restartedMain] s.w.s.m.m.a.RequestMappingHandlerMapping : Mapped "{[/v2/api-docs],methods=[GET],produces=[application/json || application/hal+json]}" onto public org.springframework.http.ResponseEntity<springfox.documentation.spring.web.json.Json> springfox.documentation.swagger2.web.Swagger2Controller.getDocumentation(java.lang.String,javax.servlet.http.HttpServletRequest)
2018-11-15 15:10:12.997  INFO 8772 --- [restartedMain] s.w.s.m.m.a.RequestMappingHandlerMapping : Mapped "{[/swagger-resources/configuration/security]}" onto org.springframework.http.ResponseEntity<springfox.documentation.swagger.web.SecurityConfiguration> springfox.documentation.swagger.web.ApiResourceController.securityConfiguration()
2018-11-15 15:10:12.998  INFO 8772 --- [restartedMain] s.w.s.m.m.a.RequestMappingHandlerMapping : Mapped "{[/swagger-resources]}" onto org.springframework.http.ResponseEntity<java.util.List<springfox.documentation.swagger.web.SwaggerResource>> springfox.documentation.swagger.web.ApiResourceController.swaggerResources()
2018-11-15 15:10:12.998  INFO 8772 --- [restartedMain] s.w.s.m.m.a.RequestMappingHandlerMapping : Mapped "{[/swagger-resources/configuration/ui]}" onto org.springframework.http.ResponseEntity<springfox.documentation.swagger.web.UiConfiguration> springfox.documentation.swagger.web.ApiResourceController.uiConfiguration()
2018-11-15 15:10:13.123  INFO 8772 --- [restartedMain] s.w.s.m.m.a.RequestMappingHandlerAdapter : Looking for @ControllerAdvice: org.springframework.boot.context.embedded.AnnotationConfigEmbeddedWebApplicationContext@4a688808: startup date [Thu Nov 15 15:10:08 CST 2018]; root of context hierarchy
2018-11-15 15:10:13.130  INFO 8772 --- [restartedMain] o.s.w.s.handler.SimpleUrlHandlerMapping  : Root mapping to handler of type [class org.springframework.web.servlet.mvc.ParameterizableViewController]
2018-11-15 15:10:13.130  INFO 8772 --- [restartedMain] o.s.w.s.handler.SimpleUrlHandlerMapping  : Mapped URL path [/login] onto handler of type [class org.springframework.web.servlet.mvc.ParameterizableViewController]
2018-11-15 15:10:13.135  INFO 8772 --- [restartedMain] o.s.w.s.handler.SimpleUrlHandlerMapping  : Mapped URL path [/**] onto handler of type [class org.springframework.web.servlet.resource.ResourceHttpRequestHandler]
2018-11-15 15:10:13.136  INFO 8772 --- [restartedMain] o.s.w.s.handler.SimpleUrlHandlerMapping  : Mapped URL path [/swagger-ui.html] onto handler of type [class org.springframework.web.servlet.resource.ResourceHttpRequestHandler]
2018-11-15 15:10:13.136  INFO 8772 --- [restartedMain] o.s.w.s.handler.SimpleUrlHandlerMapping  : Mapped URL path [/webjars/**] onto handler of type [class org.springframework.web.servlet.resource.ResourceHttpRequestHandler]
2018-11-15 15:10:13.143  INFO 8772 --- [restartedMain] .m.m.a.ExceptionHandlerExceptionResolver : Detected @ExceptionHandler methods in globalDefaultExceptionHandler
2018-11-15 15:10:13.151  INFO 8772 --- [restartedMain] o.s.w.s.handler.SimpleUrlHandlerMapping  : Mapped URL path [/**/favicon.ico] onto handler of type [class org.springframework.web.servlet.resource.ResourceHttpRequestHandler]
2018-11-15 15:10:13.243  INFO 8772 --- [restartedMain] o.s.b.d.a.OptionalLiveReloadServer       : LiveReload server is running on port 35729
2018-11-15 15:10:13.286  INFO 8772 --- [restartedMain] o.s.j.e.a.AnnotationMBeanExporter        : Registering beans for JMX exposure on startup
2018-11-15 15:10:13.287  INFO 8772 --- [restartedMain] o.s.j.e.a.AnnotationMBeanExporter        : Bean with name 'statFilter' has been autodetected for JMX exposure
2018-11-15 15:10:13.287  INFO 8772 --- [restartedMain] o.s.j.e.a.AnnotationMBeanExporter        : Bean with name 'dataSource' has been autodetected for JMX exposure
2018-11-15 15:10:13.290  INFO 8772 --- [restartedMain] o.s.j.e.a.AnnotationMBeanExporter        : Located MBean 'dataSource': registering with JMX server as MBean [com.alibaba.druid.spring.boot.autoconfigure:name=dataSource,type=DruidDataSourceWrapper]
2018-11-15 15:10:13.291  INFO 8772 --- [restartedMain] o.s.j.e.a.AnnotationMBeanExporter        : Located MBean 'statFilter': registering with JMX server as MBean [com.alibaba.druid.filter.stat:name=statFilter,type=StatFilter]
2018-11-15 15:10:13.292  INFO 8772 --- [restartedMain] o.s.c.support.DefaultLifecycleProcessor  : Starting beans in phase 2147483647
2018-11-15 15:10:13.293  INFO 8772 --- [restartedMain] d.s.w.p.DocumentationPluginsBootstrapper : Context refreshed
2018-11-15 15:10:13.294  INFO 8772 --- [restartedMain] d.s.w.p.DocumentationPluginsBootstrapper : Found 1 custom documentation plugin(s)
2018-11-15 15:10:13.299  INFO 8772 --- [restartedMain] s.d.s.w.s.ApiListingReferenceScanner     : Scanning for api listing references
2018-11-15 15:10:13.355  INFO 8772 --- [restartedMain] .d.s.w.r.o.CachingOperationNameGenerator : Generating unique operation named: delUsingPOST_1
2018-11-15 15:10:13.368  INFO 8772 --- [restartedMain] .d.s.w.r.o.CachingOperationNameGenerator : Generating unique operation named: listUsingPOST_1
2018-11-15 15:10:13.375  INFO 8772 --- [restartedMain] .d.s.w.r.o.CachingOperationNameGenerator : Generating unique operation named: saveUsingPOST_1
2018-11-15 15:10:13.382  INFO 8772 --- [restartedMain] .d.s.w.r.o.CachingOperationNameGenerator : Generating unique operation named: delUsingPOST_2
2018-11-15 15:10:13.403  INFO 8772 --- [restartedMain] .d.s.w.r.o.CachingOperationNameGenerator : Generating unique operation named: listUsingPOST_2
2018-11-15 15:10:13.424  INFO 8772 --- [restartedMain] .d.s.w.r.o.CachingOperationNameGenerator : Generating unique operation named: saveUsingPOST_2
2018-11-15 15:10:13.440  INFO 8772 --- [restartedMain] .d.s.w.r.o.CachingOperationNameGenerator : Generating unique operation named: delUsingPOST_3
2018-11-15 15:10:13.453  INFO 8772 --- [restartedMain] .d.s.w.r.o.CachingOperationNameGenerator : Generating unique operation named: saveUsingPOST_3
2018-11-15 15:10:13.486  INFO 8772 --- [restartedMain] .d.s.w.r.o.CachingOperationNameGenerator : Generating unique operation named: listUsingPOST_3
2018-11-15 15:10:13.491  INFO 8772 --- [restartedMain] .d.s.w.r.o.CachingOperationNameGenerator : Generating unique operation named: delUsingPOST_4
2018-11-15 15:10:13.510  INFO 8772 --- [restartedMain] .d.s.w.r.o.CachingOperationNameGenerator : Generating unique operation named: listUsingPOST_4
2018-11-15 15:10:13.520  INFO 8772 --- [restartedMain] .d.s.w.r.o.CachingOperationNameGenerator : Generating unique operation named: listUsingPOST_5
2018-11-15 15:10:13.525  INFO 8772 --- [restartedMain] .d.s.w.r.o.CachingOperationNameGenerator : Generating unique operation named: delUsingPOST_5
2018-11-15 15:10:13.540  INFO 8772 --- [restartedMain] .d.s.w.r.o.CachingOperationNameGenerator : Generating unique operation named: listUsingPOST_6
2018-11-15 15:10:13.546  INFO 8772 --- [restartedMain] .d.s.w.r.o.CachingOperationNameGenerator : Generating unique operation named: saveUsingPOST_4
2018-11-15 15:10:13.551  INFO 8772 --- [restartedMain] .d.s.w.r.o.CachingOperationNameGenerator : Generating unique operation named: delUsingPOST_6
2018-11-15 15:10:13.569  INFO 8772 --- [restartedMain] .d.s.w.r.o.CachingOperationNameGenerator : Generating unique operation named: listUsingPOST_7
2018-11-15 15:10:13.576  INFO 8772 --- [restartedMain] .d.s.w.r.o.CachingOperationNameGenerator : Generating unique operation named: saveUsingPOST_5
2018-11-15 15:10:13.581  INFO 8772 --- [restartedMain] .d.s.w.r.o.CachingOperationNameGenerator : Generating unique operation named: delUsingPOST_7
2018-11-15 15:10:13.605  INFO 8772 --- [restartedMain] .d.s.w.r.o.CachingOperationNameGenerator : Generating unique operation named: listUsingPOST_8
2018-11-15 15:10:13.611  INFO 8772 --- [restartedMain] .d.s.w.r.o.CachingOperationNameGenerator : Generating unique operation named: saveUsingPOST_6
2018-11-15 15:10:13.616  INFO 8772 --- [restartedMain] .d.s.w.r.o.CachingOperationNameGenerator : Generating unique operation named: delUsingPOST_8
2018-11-15 15:10:13.626  INFO 8772 --- [restartedMain] .d.s.w.r.o.CachingOperationNameGenerator : Generating unique operation named: listUsingPOST_9
2018-11-15 15:10:13.631  INFO 8772 --- [restartedMain] .d.s.w.r.o.CachingOperationNameGenerator : Generating unique operation named: saveUsingPOST_7
2018-11-15 15:10:13.645  INFO 8772 --- [restartedMain] s.a.ScheduledAnnotationBeanPostProcessor : No TaskScheduler/ScheduledExecutorService bean found for scheduled processing
2018-11-15 15:10:13.660  INFO 8772 --- [restartedMain] s.b.c.e.t.TomcatEmbeddedServletContainer : Tomcat started on port(s): 80 (http)
2018-11-15 15:10:13.662  INFO 8772 --- [restartedMain] c.c.socketio.SocketIOServer              : Session store / pubsub factory used: MemoryStoreFactory (local session store only)
2018-11-15 15:10:13.684 ERROR 8772 --- [nioEventLoopGroup-4-1] c.c.socketio.SocketIOServer              : SocketIO server start failed at port: 8888!
2018-11-15 15:10:13.688  INFO 8772 --- [restartedMain] utoConfigurationReportLoggingInitializer : 

Error starting ApplicationContext. To display the auto-configuration report re-run your application with 'debug' enabled.
2018-11-15 15:10:14.047 ERROR 8772 --- [restartedMain] o.s.boot.SpringApplication               : Application startup failed

java.lang.IllegalStateException: Failed to execute CommandLineRunner
	at org.springframework.boot.SpringApplication.callRunner(SpringApplication.java:735) [spring-boot-1.5.5.RELEASE.jar:1.5.5.RELEASE]
	at org.springframework.boot.SpringApplication.callRunners(SpringApplication.java:716) [spring-boot-1.5.5.RELEASE.jar:1.5.5.RELEASE]
	at org.springframework.boot.SpringApplication.afterRefresh(SpringApplication.java:703) [spring-boot-1.5.5.RELEASE.jar:1.5.5.RELEASE]
	at org.springframework.boot.SpringApplication.run(SpringApplication.java:304) [spring-boot-1.5.5.RELEASE.jar:1.5.5.RELEASE]
	at org.springframework.boot.SpringApplication.run(SpringApplication.java:1118) [spring-boot-1.5.5.RELEASE.jar:1.5.5.RELEASE]
	at org.springframework.boot.SpringApplication.run(SpringApplication.java:1107) [spring-boot-1.5.5.RELEASE.jar:1.5.5.RELEASE]
	at com.zhefan.yummy.YummyApplication.main(YummyApplication.java:19) [classes/:na]
	at sun.reflect.NativeMethodAccessorImpl.invoke0(Native Method) ~[na:1.8.0_162]
	at sun.reflect.NativeMethodAccessorImpl.invoke(NativeMethodAccessorImpl.java:62) ~[na:1.8.0_162]
	at sun.reflect.DelegatingMethodAccessorImpl.invoke(DelegatingMethodAccessorImpl.java:43) ~[na:1.8.0_162]
	at java.lang.reflect.Method.invoke(Method.java:498) ~[na:1.8.0_162]
	at org.springframework.boot.devtools.restart.RestartLauncher.run(RestartLauncher.java:49) [spring-boot-devtools-1.5.5.RELEASE.jar:1.5.5.RELEASE]
Caused by: java.net.BindException: Address already in use: bind
	at sun.nio.ch.Net.bind0(Native Method) ~[na:1.8.0_162]
	at sun.nio.ch.Net.bind(Net.java:433) ~[na:1.8.0_162]
	at sun.nio.ch.Net.bind(Net.java:425) ~[na:1.8.0_162]
	at sun.nio.ch.ServerSocketChannelImpl.bind(ServerSocketChannelImpl.java:223) ~[na:1.8.0_162]
	at sun.nio.ch.ServerSocketAdaptor.bind(ServerSocketAdaptor.java:74) ~[na:1.8.0_162]
	at io.netty.channel.socket.nio.NioServerSocketChannel.doBind(NioServerSocketChannel.java:125) ~[netty-transport-4.1.1.Final.jar:4.1.1.Final]
	at io.netty.channel.AbstractChannel$AbstractUnsafe.bind(AbstractChannel.java:543) ~[netty-transport-4.1.1.Final.jar:4.1.1.Final]
	at io.netty.channel.DefaultChannelPipeline$HeadContext.bind(DefaultChannelPipeline.java:1238) ~[netty-transport-4.1.1.Final.jar:4.1.1.Final]
	at io.netty.channel.AbstractChannelHandlerContext.invokeBind(AbstractChannelHandlerContext.java:487) ~[netty-transport-4.1.1.Final.jar:4.1.1.Final]
	at io.netty.channel.AbstractChannelHandlerContext.bind(AbstractChannelHandlerContext.java:472) ~[netty-transport-4.1.1.Final.jar:4.1.1.Final]
	at io.netty.channel.DefaultChannelPipeline.bind(DefaultChannelPipeline.java:959) ~[netty-transport-4.1.1.Final.jar:4.1.1.Final]
	at io.netty.channel.AbstractChannel.bind(AbstractChannel.java:243) ~[netty-transport-4.1.1.Final.jar:4.1.1.Final]
	at io.netty.bootstrap.AbstractBootstrap$2.run(AbstractBootstrap.java:360) ~[netty-transport-4.1.1.Final.jar:4.1.1.Final]
	at io.netty.util.concurrent.SingleThreadEventExecutor.runAllTasks(SingleThreadEventExecutor.java:339) ~[netty-common-4.1.1.Final.jar:4.1.1.Final]
	at io.netty.channel.nio.NioEventLoop.run(NioEventLoop.java:393) ~[netty-transport-4.1.1.Final.jar:4.1.1.Final]
	at io.netty.util.concurrent.SingleThreadEventExecutor$5.run(SingleThreadEventExecutor.java:742) ~[netty-common-4.1.1.Final.jar:4.1.1.Final]
	at io.netty.util.concurrent.DefaultThreadFactory$DefaultRunnableDecorator.run(DefaultThreadFactory.java:145) ~[netty-common-4.1.1.Final.jar:4.1.1.Final]
	at java.lang.Thread.run(Thread.java:748) ~[na:1.8.0_162]

2018-11-15 15:10:14.172  INFO 8772 --- [restartedMain] ationConfigEmbeddedWebApplicationContext : Closing org.springframework.boot.context.embedded.AnnotationConfigEmbeddedWebApplicationContext@4a688808: startup date [Thu Nov 15 15:10:08 CST 2018]; root of context hierarchy
2018-11-15 15:10:14.174  INFO 8772 --- [restartedMain] o.s.c.support.DefaultLifecycleProcessor  : Stopping beans in phase 2147483647
2018-11-15 15:10:14.175  INFO 8772 --- [restartedMain] o.s.j.e.a.AnnotationMBeanExporter        : Unregistering JMX-exposed beans on shutdown
2018-11-15 15:10:14.176  INFO 8772 --- [restartedMain] o.s.j.e.a.AnnotationMBeanExporter        : Unregistering JMX-exposed beans
2018-11-15 15:10:14.179  INFO 8772 --- [restartedMain] com.alibaba.druid.pool.DruidDataSource   : {dataSource-2} closed
2018-11-15 15:10:29.536  INFO 7596 --- [restartedMain] com.zhefan.yummy.YummyApplication        : Starting YummyApplication on LAPTOP-5F6OV8VB with PID 7596 (started by 刘伟军 in C:\Users\刘伟军\Desktop\ZheFan\web)
2018-11-15 15:10:29.537 DEBUG 7596 --- [restartedMain] com.zhefan.yummy.YummyApplication        : Running with Spring Boot v1.5.5.RELEASE, Spring v4.3.10.RELEASE
2018-11-15 15:10:29.537  INFO 7596 --- [restartedMain] com.zhefan.yummy.YummyApplication        : No active profile set, falling back to default profiles: default
2018-11-15 15:10:29.614  INFO 7596 --- [restartedMain] ationConfigEmbeddedWebApplicationContext : Refreshing org.springframework.boot.context.embedded.AnnotationConfigEmbeddedWebApplicationContext@2cb163: startup date [Thu Nov 15 15:10:29 CST 2018]; root of context hierarchy
2018-11-15 15:10:32.641  INFO 7596 --- [restartedMain] .s.d.r.c.RepositoryConfigurationDelegate : Multiple Spring Data modules found, entering strict repository configuration mode!
2018-11-15 15:10:33.949  INFO 7596 --- [restartedMain] trationDelegate$BeanPostProcessorChecker : Bean 'org.springframework.transaction.annotation.ProxyTransactionManagementConfiguration' of type [org.springframework.transaction.annotation.ProxyTransactionManagementConfiguration$$EnhancerBySpringCGLIB$$a6e2375b] is not eligible for getting processed by all BeanPostProcessors (for example: not eligible for auto-proxying)
2018-11-15 15:10:34.032  INFO 7596 --- [restartedMain] trationDelegate$BeanPostProcessorChecker : Bean 'redisCacheConfig' of type [com.zhefan.yummy.config.redis.RedisCacheConfig$$EnhancerBySpringCGLIB$$324732b2] is not eligible for getting processed by all BeanPostProcessors (for example: not eligible for auto-proxying)
2018-11-15 15:10:34.043  INFO 7596 --- [restartedMain] trationDelegate$BeanPostProcessorChecker : Bean 'org.springframework.cache.annotation.ProxyCachingConfiguration' of type [org.springframework.cache.annotation.ProxyCachingConfiguration$$EnhancerBySpringCGLIB$$eff46d79] is not eligible for getting processed by all BeanPostProcessors (for example: not eligible for auto-proxying)
2018-11-15 15:10:34.104  INFO 7596 --- [restartedMain] trationDelegate$BeanPostProcessorChecker : Bean 'socketConfig' of type [com.zhefan.yummy.socket.SocketConfig] is not eligible for getting processed by all BeanPostProcessors (for example: not eligible for auto-proxying)
2018-11-15 15:10:34.196  INFO 7596 --- [restartedMain] trationDelegate$BeanPostProcessorChecker : Bean 'socketIOServer' of type [com.corundumstudio.socketio.SocketIOServer] is not eligible for getting processed by all BeanPostProcessors (for example: not eligible for auto-proxying)
2018-11-15 15:10:34.850  INFO 7596 --- [restartedMain] s.b.c.e.t.TomcatEmbeddedServletContainer : Tomcat initialized with port(s): 80 (http)
2018-11-15 15:10:34.871  INFO 7596 --- [restartedMain] o.apache.catalina.core.StandardService   : Starting service [Tomcat]
2018-11-15 15:10:34.878  INFO 7596 --- [restartedMain] org.apache.catalina.core.StandardEngine  : Starting Servlet Engine: Apache Tomcat/8.5.16
2018-11-15 15:10:35.160  INFO 7596 --- [localhost-startStop-1] org.apache.jasper.servlet.TldScanner     : At least one JAR was scanned for TLDs yet contained no TLDs. Enable debug logging for this logger for a complete list of JARs that were scanned but no TLDs were found in them. Skipping unneeded JARs during scanning can improve startup time and JSP compilation time.
2018-11-15 15:10:35.171  INFO 7596 --- [localhost-startStop-1] o.a.c.c.C.[Tomcat].[localhost].[/]       : Initializing Spring embedded WebApplicationContext
2018-11-15 15:10:35.172  INFO 7596 --- [localhost-startStop-1] o.s.web.context.ContextLoader            : Root WebApplicationContext: initialization completed in 5560 ms
2018-11-15 15:10:35.472 DEBUG 7596 --- [localhost-startStop-1] c.z.y.config.redis.RedisSessionConfig    : domainName:localhost,cookieName:JSESSIONID,cookiePath:/ 
2018-11-15 15:10:35.916  INFO 7596 --- [localhost-startStop-1] o.s.b.w.servlet.ServletRegistrationBean  : Mapping servlet: 'dispatcherServlet' to [/]
2018-11-15 15:10:35.918  INFO 7596 --- [localhost-startStop-1] o.s.b.w.servlet.ServletRegistrationBean  : Mapping servlet: 'statViewServlet' to [/druid/*]
2018-11-15 15:10:35.925  INFO 7596 --- [localhost-startStop-1] o.s.b.w.servlet.FilterRegistrationBean   : Mapping filter: 'characterEncodingFilter' to: [/*]
2018-11-15 15:10:35.931  INFO 7596 --- [localhost-startStop-1] o.s.b.w.servlet.FilterRegistrationBean   : Mapping filter: 'springSessionRepositoryFilter' to: [/*]
2018-11-15 15:10:35.933  INFO 7596 --- [localhost-startStop-1] o.s.b.w.servlet.FilterRegistrationBean   : Mapping filter: 'hiddenHttpMethodFilter' to: [/*]
2018-11-15 15:10:35.933  INFO 7596 --- [localhost-startStop-1] o.s.b.w.servlet.FilterRegistrationBean   : Mapping filter: 'httpPutFormContentFilter' to: [/*]
2018-11-15 15:10:35.933  INFO 7596 --- [localhost-startStop-1] o.s.b.w.servlet.FilterRegistrationBean   : Mapping filter: 'requestContextFilter' to: [/*]
2018-11-15 15:10:35.940  INFO 7596 --- [localhost-startStop-1] o.s.b.w.servlet.FilterRegistrationBean   : Mapping filter: 'webStatFilter' to urls: [/*]
2018-11-15 15:10:35.941  INFO 7596 --- [localhost-startStop-1] o.s.b.w.servlet.FilterRegistrationBean   : Mapping filter: 'corsFilter' to: [/*]
2018-11-15 15:10:36.905  INFO 7596 --- [restartedMain] com.alibaba.druid.pool.DruidDataSource   : {dataSource-1} inited
2018-11-15 15:10:38.487  INFO 7596 --- [restartedMain] c.c.s.a.SpringAnnotationScanner          : messageEventHandler bean listeners added
2018-11-15 15:10:39.118  INFO 7596 --- [restartedMain] s.w.s.m.m.a.RequestMappingHandlerMapping : Mapped "{[/area/list],methods=[POST]}" onto public com.zhefan.yummy.dto.ResponseDTO<java.util.List<com.zhefan.yummy.entity.Area>> com.zhefan.yummy.controller.AreaController.list(java.lang.Integer,java.lang.Integer)
2018-11-15 15:10:39.120  INFO 7596 --- [restartedMain] s.w.s.m.m.a.RequestMappingHandlerMapping : Mapped "{[/area/save],methods=[POST]}" onto public com.zhefan.yummy.dto.ResponseDTO com.zhefan.yummy.controller.AreaController.save(com.zhefan.yummy.param.RequestArea,javax.servlet.http.HttpServletRequest)
2018-11-15 15:10:39.128  INFO 7596 --- [restartedMain] s.w.s.m.m.a.RequestMappingHandlerMapping : Mapped "{[/area/del],methods=[POST]}" onto public com.zhefan.yummy.dto.ResponseDTO com.zhefan.yummy.controller.AreaController.del(java.util.List<java.lang.Integer>)
2018-11-15 15:10:39.131  INFO 7596 --- [restartedMain] s.w.s.m.m.a.RequestMappingHandlerMapping : Mapped "{[/common/testuploadimg],methods=[POST]}" onto public com.zhefan.yummy.dto.ResponseDTO<java.lang.String> com.zhefan.yummy.controller.CommonController.uploadImg(org.springframework.web.multipart.MultipartFile,javax.servlet.http.HttpServletRequest)
2018-11-15 15:10:39.141  INFO 7596 --- [restartedMain] s.w.s.m.m.a.RequestMappingHandlerMapping : Mapped "{[/common/qrcode],methods=[GET],produces=[application/json;charset=UTF-8]}" onto public void com.zhefan.yummy.controller.CommonController.qrcode(java.lang.String,javax.servlet.http.HttpServletResponse)
2018-11-15 15:10:39.143  INFO 7596 --- [restartedMain] s.w.s.m.m.a.RequestMappingHandlerMapping : Mapped "{[/dishesClass/list],methods=[POST]}" onto public com.zhefan.yummy.dto.ResponseDTO<java.util.List<com.zhefan.yummy.entity.DishesClass>> com.zhefan.yummy.controller.DishesClassController.list(java.lang.Integer,java.lang.Integer,java.lang.Integer)
2018-11-15 15:10:39.144  INFO 7596 --- [restartedMain] s.w.s.m.m.a.RequestMappingHandlerMapping : Mapped "{[/dishesClass/save],methods=[POST]}" onto public com.zhefan.yummy.dto.ResponseDTO com.zhefan.yummy.controller.DishesClassController.save(com.zhefan.yummy.param.RequestDishesClass,javax.servlet.http.HttpServletRequest)
2018-11-15 15:10:39.144  INFO 7596 --- [restartedMain] s.w.s.m.m.a.RequestMappingHandlerMapping : Mapped "{[/dishesClass/del],methods=[POST]}" onto public com.zhefan.yummy.dto.ResponseDTO com.zhefan.yummy.controller.DishesClassController.del(java.util.List<java.lang.Integer>)
2018-11-15 15:10:39.157  INFO 7596 --- [restartedMain] s.w.s.m.m.a.RequestMappingHandlerMapping : Mapped "{[/dishes/list],methods=[POST]}" onto public com.zhefan.yummy.dto.ResponseDTO<com.baomidou.mybatisplus.plugins.Page<com.zhefan.yummy.entity.Dishes>> com.zhefan.yummy.controller.DishesController.list(com.zhefan.yummy.param.RequestDishesList)
2018-11-15 15:10:39.157  INFO 7596 --- [restartedMain] s.w.s.m.m.a.RequestMappingHandlerMapping : Mapped "{[/dishes/save],methods=[POST]}" onto public com.zhefan.yummy.dto.ResponseDTO com.zhefan.yummy.controller.DishesController.save(com.zhefan.yummy.param.RequestDishes,javax.servlet.http.HttpServletRequest)
2018-11-15 15:10:39.157  INFO 7596 --- [restartedMain] s.w.s.m.m.a.RequestMappingHandlerMapping : Mapped "{[/dishes/del],methods=[POST]}" onto public com.zhefan.yummy.dto.ResponseDTO com.zhefan.yummy.controller.DishesController.del(java.util.List<java.lang.Integer>)
2018-11-15 15:10:39.158  INFO 7596 --- [restartedMain] s.w.s.m.m.a.RequestMappingHandlerMapping : Mapped "{[/dishes/soldOut],methods=[POST]}" onto public com.zhefan.yummy.dto.ResponseDTO com.zhefan.yummy.controller.DishesController.soldOut(java.util.List<java.lang.Integer>)
2018-11-15 15:10:39.168  INFO 7596 --- [restartedMain] s.w.s.m.m.a.RequestMappingHandlerMapping : Mapped "{[/dishes/notSale],methods=[POST]}" onto public com.zhefan.yummy.dto.ResponseDTO com.zhefan.yummy.controller.DishesController.notSale(java.util.List<java.lang.Integer>)
2018-11-15 15:10:39.169  INFO 7596 --- [restartedMain] s.w.s.m.m.a.RequestMappingHandlerMapping : Mapped "{[/dishes/sale],methods=[POST]}" onto public com.zhefan.yummy.dto.ResponseDTO com.zhefan.yummy.controller.DishesController.sales(java.util.List<java.lang.Integer>)
2018-11-15 15:10:39.169  INFO 7596 --- [restartedMain] s.w.s.m.m.a.RequestMappingHandlerMapping : Mapped "{[/dishes/sold],methods=[POST]}" onto public com.zhefan.yummy.dto.ResponseDTO com.zhefan.yummy.controller.DishesController.sold(java.util.List<java.lang.Integer>)
2018-11-15 15:10:39.174  INFO 7596 --- [restartedMain] s.w.s.m.m.a.RequestMappingHandlerMapping : Mapped "{[/gerent/save],methods=[POST]}" onto public com.zhefan.yummy.dto.ResponseDTO com.zhefan.yummy.controller.GerentController.save(com.zhefan.yummy.param.RequestGerent,javax.servlet.http.HttpServletRequest)
2018-11-15 15:10:39.175  INFO 7596 --- [restartedMain] s.w.s.m.m.a.RequestMappingHandlerMapping : Mapped "{[/gerent/del],methods=[POST]}" onto public com.zhefan.yummy.dto.ResponseDTO com.zhefan.yummy.controller.GerentController.del(java.util.List<java.lang.Integer>,javax.servlet.http.HttpServletRequest)
2018-11-15 15:10:39.175  INFO 7596 --- [restartedMain] s.w.s.m.m.a.RequestMappingHandlerMapping : Mapped "{[/gerent/login],methods=[POST]}" onto public com.zhefan.yummy.dto.ResponseDTO com.zhefan.yummy.controller.GerentController.login(java.lang.String,java.lang.String,javax.servlet.http.HttpServletRequest)
2018-11-15 15:10:39.175  INFO 7596 --- [restartedMain] s.w.s.m.m.a.RequestMappingHandlerMapping : Mapped "{[/error]}" onto public com.alibaba.fastjson.JSONObject com.zhefan.yummy.controller.MainController.doHandleError(javax.servlet.http.HttpServletRequest)
2018-11-15 15:10:39.176  INFO 7596 --- [restartedMain] s.w.s.m.m.a.RequestMappingHandlerMapping : Mapped "{[/menu/list],methods=[POST]}" onto public com.zhefan.yummy.dto.ResponseDTO<java.util.List<com.zhefan.yummy.entity.Menu>> com.zhefan.yummy.controller.MenuController.list(java.lang.Integer,javax.servlet.http.HttpServletRequest)
2018-11-15 15:10:39.184  INFO 7596 --- [restartedMain] s.w.s.m.m.a.RequestMappingHandlerMapping : Mapped "{[/order/list],methods=[POST]}" onto public com.zhefan.yummy.dto.ResponseDTO<com.baomidou.mybatisplus.plugins.Page<com.zhefan.yummy.entity.Order>> com.zhefan.yummy.controller.OrderController.list(com.zhefan.yummy.param.RequestOrderList)
2018-11-15 15:10:39.184  INFO 7596 --- [restartedMain] s.w.s.m.m.a.RequestMappingHandlerMapping : Mapped "{[/order/del],methods=[POST]}" onto public com.zhefan.yummy.dto.ResponseDTO com.zhefan.yummy.controller.OrderController.del(java.util.List<java.lang.Integer>)
2018-11-15 15:10:39.186  INFO 7596 --- [restartedMain] s.w.s.m.m.a.RequestMappingHandlerMapping : Mapped "{[/orderDetail/list],methods=[POST]}" onto public com.zhefan.yummy.dto.ResponseDTO<java.util.List<com.zhefan.yummy.entity.OrderDetail>> com.zhefan.yummy.controller.OrderDetailController.list(java.lang.Integer)
2018-11-15 15:10:39.187  INFO 7596 --- [restartedMain] s.w.s.m.m.a.RequestMappingHandlerMapping : Mapped "{[/role/list],methods=[POST]}" onto public com.zhefan.yummy.dto.ResponseDTO<com.baomidou.mybatisplus.plugins.Page<com.zhefan.yummy.entity.Role>> com.zhefan.yummy.controller.RoleController.list(com.zhefan.yummy.param.RequestRoleList)
2018-11-15 15:10:39.188  INFO 7596 --- [restartedMain] s.w.s.m.m.a.RequestMappingHandlerMapping : Mapped "{[/role/save],methods=[POST]}" onto public com.zhefan.yummy.dto.ResponseDTO com.zhefan.yummy.controller.RoleController.save(com.zhefan.yummy.param.RequestRole,javax.servlet.http.HttpServletRequest)
2018-11-15 15:10:39.188  INFO 7596 --- [restartedMain] s.w.s.m.m.a.RequestMappingHandlerMapping : Mapped "{[/role/del],methods=[POST]}" onto public com.zhefan.yummy.dto.ResponseDTO com.zhefan.yummy.controller.RoleController.del(java.util.List<java.lang.Integer>)
2018-11-15 15:10:39.190  INFO 7596 --- [restartedMain] s.w.s.m.m.a.RequestMappingHandlerMapping : Mapped "{[/shop/list],methods=[POST]}" onto public com.zhefan.yummy.dto.ResponseDTO<com.baomidou.mybatisplus.plugins.Page<com.zhefan.yummy.entity.Shop>> com.zhefan.yummy.controller.ShopController.list(com.zhefan.yummy.param.RequestShopList,javax.servlet.http.HttpServletRequest)
2018-11-15 15:10:39.191  INFO 7596 --- [restartedMain] s.w.s.m.m.a.RequestMappingHandlerMapping : Mapped "{[/shop/save],methods=[POST]}" onto public com.zhefan.yummy.dto.ResponseDTO com.zhefan.yummy.controller.ShopController.save(com.zhefan.yummy.param.RequestShop,javax.servlet.http.HttpServletRequest)
2018-11-15 15:10:39.191  INFO 7596 --- [restartedMain] s.w.s.m.m.a.RequestMappingHandlerMapping : Mapped "{[/shop/del],methods=[POST]}" onto public com.zhefan.yummy.dto.ResponseDTO com.zhefan.yummy.controller.ShopController.del(java.util.List<java.lang.Integer>)
2018-11-15 15:10:39.192  INFO 7596 --- [restartedMain] s.w.s.m.m.a.RequestMappingHandlerMapping : Mapped "{[/table/list],methods=[POST]}" onto public com.zhefan.yummy.dto.ResponseDTO<com.baomidou.mybatisplus.plugins.Page<com.zhefan.yummy.entity.Table>> com.zhefan.yummy.controller.TableController.list(com.zhefan.yummy.param.RequestTableList)
2018-11-15 15:10:39.193  INFO 7596 --- [restartedMain] s.w.s.m.m.a.RequestMappingHandlerMapping : Mapped "{[/table/save],methods=[POST]}" onto public com.zhefan.yummy.dto.ResponseDTO com.zhefan.yummy.controller.TableController.save(com.zhefan.yummy.param.RequestTable,javax.servlet.http.HttpServletRequest)
2018-11-15 15:10:39.193  INFO 7596 --- [restartedMain] s.w.s.m.m.a.RequestMappingHandlerMapping : Mapped "{[/table/del],methods=[POST]}" onto public com.zhefan.yummy.dto.ResponseDTO com.zhefan.yummy.controller.TableController.del(java.util.List<java.lang.Integer>)
2018-11-15 15:10:39.195  INFO 7596 --- [restartedMain] s.w.s.m.m.a.RequestMappingHandlerMapping : Mapped "{[/tableType/list],methods=[POST]}" onto public com.zhefan.yummy.dto.ResponseDTO<java.util.List<com.zhefan.yummy.entity.TableType>> com.zhefan.yummy.controller.TableTypeController.list(java.lang.Integer,java.lang.Integer,java.lang.Integer)
2018-11-15 15:10:39.195  INFO 7596 --- [restartedMain] s.w.s.m.m.a.RequestMappingHandlerMapping : Mapped "{[/tableType/save],methods=[POST]}" onto public com.zhefan.yummy.dto.ResponseDTO com.zhefan.yummy.controller.TableTypeController.save(com.zhefan.yummy.param.RequestTableType,javax.servlet.http.HttpServletRequest)
2018-11-15 15:10:39.195  INFO 7596 --- [restartedMain] s.w.s.m.m.a.RequestMappingHandlerMapping : Mapped "{[/tableType/del],methods=[POST]}" onto public com.zhefan.yummy.dto.ResponseDTO com.zhefan.yummy.controller.TableTypeController.del(java.util.List<java.lang.Integer>)
2018-11-15 15:10:39.197  INFO 7596 --- [restartedMain] s.w.s.m.m.a.RequestMappingHandlerMapping : Mapped "{[/v2/api-docs],methods=[GET],produces=[application/json || application/hal+json]}" onto public org.springframework.http.ResponseEntity<springfox.documentation.spring.web.json.Json> springfox.documentation.swagger2.web.Swagger2Controller.getDocumentation(java.lang.String,javax.servlet.http.HttpServletRequest)
2018-11-15 15:10:39.204  INFO 7596 --- [restartedMain] s.w.s.m.m.a.RequestMappingHandlerMapping : Mapped "{[/swagger-resources/configuration/ui]}" onto org.springframework.http.ResponseEntity<springfox.documentation.swagger.web.UiConfiguration> springfox.documentation.swagger.web.ApiResourceController.uiConfiguration()
2018-11-15 15:10:39.205  INFO 7596 --- [restartedMain] s.w.s.m.m.a.RequestMappingHandlerMapping : Mapped "{[/swagger-resources]}" onto org.springframework.http.ResponseEntity<java.util.List<springfox.documentation.swagger.web.SwaggerResource>> springfox.documentation.swagger.web.ApiResourceController.swaggerResources()
2018-11-15 15:10:39.206  INFO 7596 --- [restartedMain] s.w.s.m.m.a.RequestMappingHandlerMapping : Mapped "{[/swagger-resources/configuration/security]}" onto org.springframework.http.ResponseEntity<springfox.documentation.swagger.web.SecurityConfiguration> springfox.documentation.swagger.web.ApiResourceController.securityConfiguration()
2018-11-15 15:10:40.210  INFO 7596 --- [restartedMain] s.w.s.m.m.a.RequestMappingHandlerAdapter : Looking for @ControllerAdvice: org.springframework.boot.context.embedded.AnnotationConfigEmbeddedWebApplicationContext@2cb163: startup date [Thu Nov 15 15:10:29 CST 2018]; root of context hierarchy
2018-11-15 15:10:40.285  INFO 7596 --- [restartedMain] o.s.w.s.handler.SimpleUrlHandlerMapping  : Root mapping to handler of type [class org.springframework.web.servlet.mvc.ParameterizableViewController]
2018-11-15 15:10:40.285  INFO 7596 --- [restartedMain] o.s.w.s.handler.SimpleUrlHandlerMapping  : Mapped URL path [/login] onto handler of type [class org.springframework.web.servlet.mvc.ParameterizableViewController]
2018-11-15 15:10:40.306  INFO 7596 --- [restartedMain] o.s.w.s.handler.SimpleUrlHandlerMapping  : Mapped URL path [/**] onto handler of type [class org.springframework.web.servlet.resource.ResourceHttpRequestHandler]
2018-11-15 15:10:40.307  INFO 7596 --- [restartedMain] o.s.w.s.handler.SimpleUrlHandlerMapping  : Mapped URL path [/swagger-ui.html] onto handler of type [class org.springframework.web.servlet.resource.ResourceHttpRequestHandler]
2018-11-15 15:10:40.308  INFO 7596 --- [restartedMain] o.s.w.s.handler.SimpleUrlHandlerMapping  : Mapped URL path [/webjars/**] onto handler of type [class org.springframework.web.servlet.resource.ResourceHttpRequestHandler]
2018-11-15 15:10:40.344  INFO 7596 --- [restartedMain] .m.m.a.ExceptionHandlerExceptionResolver : Detected @ExceptionHandler methods in globalDefaultExceptionHandler
2018-11-15 15:10:40.384  INFO 7596 --- [restartedMain] o.s.w.s.handler.SimpleUrlHandlerMapping  : Mapped URL path [/**/favicon.ico] onto handler of type [class org.springframework.web.servlet.resource.ResourceHttpRequestHandler]
2018-11-15 15:10:40.865  INFO 7596 --- [restartedMain] o.s.b.d.a.OptionalLiveReloadServer       : LiveReload server is running on port 35729
2018-11-15 15:10:40.983  INFO 7596 --- [restartedMain] o.s.j.e.a.AnnotationMBeanExporter        : Registering beans for JMX exposure on startup
2018-11-15 15:10:40.986  INFO 7596 --- [restartedMain] o.s.j.e.a.AnnotationMBeanExporter        : Bean with name 'statFilter' has been autodetected for JMX exposure
2018-11-15 15:10:40.986  INFO 7596 --- [restartedMain] o.s.j.e.a.AnnotationMBeanExporter        : Bean with name 'dataSource' has been autodetected for JMX exposure
2018-11-15 15:10:40.993  INFO 7596 --- [restartedMain] o.s.j.e.a.AnnotationMBeanExporter        : Located MBean 'dataSource': registering with JMX server as MBean [com.alibaba.druid.spring.boot.autoconfigure:name=dataSource,type=DruidDataSourceWrapper]
2018-11-15 15:10:41.003  INFO 7596 --- [restartedMain] o.s.j.e.a.AnnotationMBeanExporter        : Located MBean 'statFilter': registering with JMX server as MBean [com.alibaba.druid.filter.stat:name=statFilter,type=StatFilter]
2018-11-15 15:10:41.008  INFO 7596 --- [restartedMain] o.s.c.support.DefaultLifecycleProcessor  : Starting beans in phase 2147483647
2018-11-15 15:10:41.008  INFO 7596 --- [restartedMain] d.s.w.p.DocumentationPluginsBootstrapper : Context refreshed
2018-11-15 15:10:41.036  INFO 7596 --- [restartedMain] d.s.w.p.DocumentationPluginsBootstrapper : Found 1 custom documentation plugin(s)
2018-11-15 15:10:41.063  INFO 7596 --- [restartedMain] s.d.s.w.s.ApiListingReferenceScanner     : Scanning for api listing references
2018-11-15 15:10:41.299  INFO 7596 --- [restartedMain] .d.s.w.r.o.CachingOperationNameGenerator : Generating unique operation named: delUsingPOST_1
2018-11-15 15:10:41.314  INFO 7596 --- [restartedMain] .d.s.w.r.o.CachingOperationNameGenerator : Generating unique operation named: listUsingPOST_1
2018-11-15 15:10:41.324  INFO 7596 --- [restartedMain] .d.s.w.r.o.CachingOperationNameGenerator : Generating unique operation named: saveUsingPOST_1
2018-11-15 15:10:41.333  INFO 7596 --- [restartedMain] .d.s.w.r.o.CachingOperationNameGenerator : Generating unique operation named: delUsingPOST_2
2018-11-15 15:10:41.368  INFO 7596 --- [restartedMain] .d.s.w.r.o.CachingOperationNameGenerator : Generating unique operation named: listUsingPOST_2
2018-11-15 15:10:41.395  INFO 7596 --- [restartedMain] .d.s.w.r.o.CachingOperationNameGenerator : Generating unique operation named: saveUsingPOST_2
2018-11-15 15:10:41.420  INFO 7596 --- [restartedMain] .d.s.w.r.o.CachingOperationNameGenerator : Generating unique operation named: delUsingPOST_3
2018-11-15 15:10:41.437  INFO 7596 --- [restartedMain] .d.s.w.r.o.CachingOperationNameGenerator : Generating unique operation named: saveUsingPOST_3
2018-11-15 15:10:41.492  INFO 7596 --- [restartedMain] .d.s.w.r.o.CachingOperationNameGenerator : Generating unique operation named: listUsingPOST_3
2018-11-15 15:10:41.499  INFO 7596 --- [restartedMain] .d.s.w.r.o.CachingOperationNameGenerator : Generating unique operation named: delUsingPOST_4
2018-11-15 15:10:41.532  INFO 7596 --- [restartedMain] .d.s.w.r.o.CachingOperationNameGenerator : Generating unique operation named: listUsingPOST_4
2018-11-15 15:10:41.553  INFO 7596 --- [restartedMain] .d.s.w.r.o.CachingOperationNameGenerator : Generating unique operation named: listUsingPOST_5
2018-11-15 15:10:41.560  INFO 7596 --- [restartedMain] .d.s.w.r.o.CachingOperationNameGenerator : Generating unique operation named: delUsingPOST_5
2018-11-15 15:10:41.590  INFO 7596 --- [restartedMain] .d.s.w.r.o.CachingOperationNameGenerator : Generating unique operation named: listUsingPOST_6
2018-11-15 15:10:41.597  INFO 7596 --- [restartedMain] .d.s.w.r.o.CachingOperationNameGenerator : Generating unique operation named: saveUsingPOST_4
2018-11-15 15:10:41.601  INFO 7596 --- [restartedMain] .d.s.w.r.o.CachingOperationNameGenerator : Generating unique operation named: delUsingPOST_6
2018-11-15 15:10:41.628  INFO 7596 --- [restartedMain] .d.s.w.r.o.CachingOperationNameGenerator : Generating unique operation named: listUsingPOST_7
2018-11-15 15:10:41.637  INFO 7596 --- [restartedMain] .d.s.w.r.o.CachingOperationNameGenerator : Generating unique operation named: saveUsingPOST_5
2018-11-15 15:10:41.643  INFO 7596 --- [restartedMain] .d.s.w.r.o.CachingOperationNameGenerator : Generating unique operation named: delUsingPOST_7
2018-11-15 15:10:41.660  INFO 7596 --- [restartedMain] .d.s.w.r.o.CachingOperationNameGenerator : Generating unique operation named: listUsingPOST_8
2018-11-15 15:10:41.668  INFO 7596 --- [restartedMain] .d.s.w.r.o.CachingOperationNameGenerator : Generating unique operation named: saveUsingPOST_6
2018-11-15 15:10:41.675  INFO 7596 --- [restartedMain] .d.s.w.r.o.CachingOperationNameGenerator : Generating unique operation named: delUsingPOST_8
2018-11-15 15:10:41.689  INFO 7596 --- [restartedMain] .d.s.w.r.o.CachingOperationNameGenerator : Generating unique operation named: listUsingPOST_9
2018-11-15 15:10:41.695  INFO 7596 --- [restartedMain] .d.s.w.r.o.CachingOperationNameGenerator : Generating unique operation named: saveUsingPOST_7
2018-11-15 15:10:41.725  INFO 7596 --- [restartedMain] s.a.ScheduledAnnotationBeanPostProcessor : No TaskScheduler/ScheduledExecutorService bean found for scheduled processing
2018-11-15 15:10:41.818  INFO 7596 --- [restartedMain] s.b.c.e.t.TomcatEmbeddedServletContainer : Tomcat started on port(s): 80 (http)
2018-11-15 15:10:41.826  INFO 7596 --- [restartedMain] c.c.socketio.SocketIOServer              : Session store / pubsub factory used: MemoryStoreFactory (local session store only)
2018-11-15 15:10:42.302  INFO 7596 --- [nioEventLoopGroup-2-1] c.c.socketio.SocketIOServer              : SocketIO server started at port: 8888
2018-11-15 15:10:42.304  INFO 7596 --- [restartedMain] com.zhefan.yummy.YummyApplication        : Started YummyApplication in 13.507 seconds (JVM running for 14.383)
